0 info it worked if it ends with ok
1 verbose cli [ '/usr/bin/node', '/usr/bin/npm', 'publish', '--force' ]
2 info using npm@1.4.28
3 info using node@v0.10.33
4 verbose node symlink /usr/bin/node
5 warn using --force I sure hope you know what you are doing.
6 verbose publish [ '.' ]
7 verbose cache add [ '.', null ]
8 verbose cache add name=undefined spec="." args=[".",null]
9 verbose parsed url { protocol: null,
9 verbose parsed url   slashes: null,
9 verbose parsed url   auth: null,
9 verbose parsed url   host: null,
9 verbose parsed url   port: null,
9 verbose parsed url   hostname: null,
9 verbose parsed url   hash: null,
9 verbose parsed url   search: null,
9 verbose parsed url   query: null,
9 verbose parsed url   pathname: '.',
9 verbose parsed url   path: '.',
9 verbose parsed url   href: '.' }
10 silly lockFile 3a52ce78- .
11 verbose lock . /home/tom/.npm/3a52ce78-.lock
12 verbose tar pack [ '/home/tom/.npm/hitbox-api/0.0.8/package.tgz', '.' ]
13 verbose tarball /home/tom/.npm/hitbox-api/0.0.8/package.tgz
14 verbose folder .
15 info prepublish hitbox-api@0.0.8
16 silly lockFile 1f1177db-tar tar://.
17 verbose lock tar://. /home/tom/.npm/1f1177db-tar.lock
18 silly lockFile e314a5a4-npm-hitbox-api-0-0-8-package-tgz tar:///home/tom/.npm/hitbox-api/0.0.8/package.tgz
19 verbose lock tar:///home/tom/.npm/hitbox-api/0.0.8/package.tgz /home/tom/.npm/e314a5a4-npm-hitbox-api-0-0-8-package-tgz.lock
20 silly lockFile 1f1177db-tar tar://.
21 silly lockFile 1f1177db-tar tar://.
22 silly lockFile e314a5a4-npm-hitbox-api-0-0-8-package-tgz tar:///home/tom/.npm/hitbox-api/0.0.8/package.tgz
23 silly lockFile e314a5a4-npm-hitbox-api-0-0-8-package-tgz tar:///home/tom/.npm/hitbox-api/0.0.8/package.tgz
24 silly lockFile f681f431-tom-npm-hitbox-api-0-0-8-package /home/tom/.npm/hitbox-api/0.0.8/package
25 verbose lock /home/tom/.npm/hitbox-api/0.0.8/package /home/tom/.npm/f681f431-tom-npm-hitbox-api-0-0-8-package.lock
26 silly lockFile f681f431-tom-npm-hitbox-api-0-0-8-package /home/tom/.npm/hitbox-api/0.0.8/package
27 silly lockFile f681f431-tom-npm-hitbox-api-0-0-8-package /home/tom/.npm/hitbox-api/0.0.8/package
28 silly lockFile 3a52ce78- .
29 silly lockFile 3a52ce78- .
30 silly publish { name: 'hitbox-api',
30 silly publish   version: '0.0.8',
30 silly publish   description: 'A package that helps the user easily work with the hitbox.tv API.',
30 silly publish   main: 'index.js',
30 silly publish   author: { name: 'GamingTom' },
30 silly publish   license: 'ISC',
30 silly publish   dependencies: { request: '^2.46.0' },
30 silly publish   devDependencies: {},
30 silly publish   keywords: [ 'hitbox', 'api' ],
30 silly publish   repository:
30 silly publish    { type: 'git',
30 silly publish      url: 'https://github.com/GamingTom/node.js-hitbox-api.git' },
30 silly publish   bugs: { url: 'https://github.com/GamingTom/node.js-hitbox-api/issues' },
30 silly publish   homepage: 'https://github.com/GamingTom/node.js-hitbox-api',
30 silly publish   scripts: { test: 'mocha' },
30 silly publish   readme: '# Node.js [hitbox.tv](http://hitbox.tv) API.\n\nFirstly, enter this line at the top of the document, replacing "hb" with whatever you like:\n\n```javascript\n\tvar hb = require("hitbox-api");\n```\n\nmedia - (callback) - Returns all the currently live users.\n\n```javascript\n\thb.media(function(err, res, data){\n\t\tconsole.log(data);\n\t});\n```\n\nmediaUser - (username, callback) - Returns detailed stream information about the given username.\n\n```javascript\n\thb.mediaUser("GamingTom", function(err, res, data){\n\t\tconsole.log(data);\n\t});\n```\n\nmediaFollowing - (username, callback) - Returns a list of all the currently live people the given username is following.\n\n```javascript\n\thb.mediaFollowing("GamingTom", function(err, res, data){\n\t\tconsole.log(data);\n\t});\n```\n\nuser - (username, callback) - Returns general information about the given username.\n\n```javascript\n\thb.user("GamingTom", function(err, res, data){\n\t\tconsole.log(data);\n\t});\n```\n\nfollowers - (username, offset, limit, callback) - Returns a list of the people following the given username.\n\n```javascript\n\thb.followers("GamingTom", "0", "20", function(err, res, data){\n\t\tconsole.log(data);\n\t});\n```\n\ngames - (callback) - Returns a list of all the currently played games, sorted by view count.\n\n```javascript\n\thb.games(function(err, res, data){\n\t\tconsole.log(data);\n\t});\n```\n\nteams - (callback) - Returns a list of all created teams. (May not work because of the huge amounts of results.)\n\n```javascript\n\thb.teams(function(err, res, data){\n\t\tconsole.log(data);\n\t});\n```\n\nteam - (team, callback) - Returns detailed information about the given team.\n\n```javascript\n\thb.team("hitbox", function(err, res, data){\n\t\tconsole.log(data);\n\t});\n```\n\n##Example usage:\nHere is an example to get a list of the people you are following who are live.\n\n```\nhb.mediaFollowing("GamingTom", function(err, res, data){\n\tif (err == "err01"){\n\t\tconsole.log(err + " - Username does not exist or is not activated.");\n\t}\n\telse if (err == "err02"){\n\t\tconsole.log(err + " - No streams online.");\n\t}\n\telse if (! err){\n\t\tfor (var i = 0; i < data.livestream.length; i++) {\n\t\t\tconsole.log(i+1 + ". - " + data.livestream[i].media_user_name + " - " + data.livestream[i].media_views + " Viewers - " + data.livestream[i].media_status);\n\t\t};\n\t};\n});\n```\n\n##Error codes:\n\n* err01 - Username does not exist or is not yet activated.\n* err02 - No followed streamers are currenty online.',
30 silly publish   readmeFilename: 'README.md',
30 silly publish   gitHead: 'cf7fcc30373ea13faca00bdcf2e285e1bebb9fc3',
30 silly publish   _id: 'hitbox-api@0.0.8',
30 silly publish   _shasum: 'a374eb87951b94bf5f3034d7e146667cfeeb2e00',
30 silly publish   _from: '.' }
31 verbose request where is /hitbox-api
32 verbose request registry https://registry.npmjs.org/
33 verbose request id 7f95a001cf4416cf
34 verbose url raw /hitbox-api
35 verbose url resolving [ 'https://registry.npmjs.org/', './hitbox-api' ]
36 verbose url resolved https://registry.npmjs.org/hitbox-api
37 verbose request where is https://registry.npmjs.org/hitbox-api
38 info trying registry request attempt 1 at 12:29:08
39 http PUT https://registry.npmjs.org/hitbox-api
40 http 403 https://registry.npmjs.org/hitbox-api
41 verbose headers { date: 'Wed, 29 Oct 2014 12:29:08 GMT',
41 verbose headers   server: 'CouchDB/1.5.0 (Erlang OTP/R16B03)',
41 verbose headers   'content-type': 'application/json',
41 verbose headers   'cache-control': 'max-age=60',
41 verbose headers   'content-length': '5637',
41 verbose headers   'accept-ranges': 'bytes',
41 verbose headers   via: '1.1 varnish',
41 verbose headers   'x-served-by': 'cache-ams4129-AMS',
41 verbose headers   'x-cache': 'MISS',
41 verbose headers   'x-cache-hits': '0',
41 verbose headers   'x-timer': 'S1414585748.517445,VS0,VE305',
41 verbose headers   'keep-alive': 'timeout=10, max=50',
41 verbose headers   connection: 'Keep-Alive' }
42 error publish Failed PUT 403
43 error Error: forbidden cannot modify pre-existing version: 0.0.8
43 error old={"name":"hitbox-api","version":"0.0.8","description":"A package that helps the user easily work with the hitbox.tv API.","main":"index.js","author":{"name":"GamingTom"},"license":"ISC","dependencies":{"request":"^2.46.0"},"devDependencies":{},"keywords":["hitbox","api"],"repository":{"type":"git","url":"https://github.com/GamingTom/node.js-hitbox-api.git"},"bugs":{"url":"https://github.com/GamingTom/node.js-hitbox-api/issues"},"homepage":"https://github.com/GamingTom/node.js-hitbox-api","scripts":{"test":"mocha"},"gitHead":"cf7fcc30373ea13faca00bdcf2e285e1bebb9fc3","_id":"hitbox-api@0.0.8","_shasum":"af8fe48ad6bebbc972c889842847016ee02ac851","_from":".","_npmVersion":"1.4.28","_npmUser":{"name":"gamingtom","email":"GamingTom@hotmail.co.uk"},"maintainers":[{"name":"gamingtom","email":"GamingTom@hotmail.co.uk"}],"dist":{"shasum":"af8fe48ad6bebbc972c889842847016ee02ac851","tarball":"http://registry.npmjs.org/hitbox-api/-/hitbox-api-0.0.8.tgz"}}
43 error new={"name":"hitbox-api","version":"0.0.8","description":"A package that helps the user easily work with the hitbox.tv API.","main":"index.js","author":{"name":"GamingTom"},"license":"ISC","dependencies":{"request":"^2.46.0"},"devDependencies":{},"keywords":["hitbox","api"],"repository":{"type":"git","url":"https://github.com/GamingTom/node.js-hitbox-api.git"},"bugs":{"url":"https://github.com/GamingTom/node.js-hitbox-api/issues"},"homepage":"https://github.com/GamingTom/node.js-hitbox-api","scripts":{"test":"mocha"},"readme":"# Node.js [hitbox.tv](http://hitbox.tv) API.\u000a\u000aFirstly, enter this line at the top of the document, replacing \"hb\" with whatever you like:\u000a\u000a```javascript\u000a\u0009var hb = require(\"hitbox-api\");\u000a```\u000a\u000amedia - (callback) - Returns all the currently live users.\u000a\u000a```javascript\u000a\u0009hb.media(function(err, res, data){\u000a\u0009\u0009console.log(data);\u000a\u0009});\u000a```\u000a\u000amediaUser - (username, callback) - Returns detailed stream information about the given username.\u000a\u000a```javascript\u000a\u0009hb.mediaUser(\"GamingTom\", function(err, res, data){\u000a\u0009\u0009console.log(data);\u000a\u0009});\u000a```\u000a\u000amediaFollowing - (username, callback) - Returns a list of all the currently live people the given username is following.\u000a\u000a```javascript\u000a\u0009hb.mediaFollowing(\"GamingTom\", function(err, res, data){\u000a\u0009\u0009console.log(data);\u000a\u0009});\u000a```\u000a\u000auser - (username, callback) - Returns general information about the given username.\u000a\u000a```javascript\u000a\u0009hb.user(\"GamingTom\", function(err, res, data){\u000a\u0009\u0009console.log(data);\u000a\u0009});\u000a```\u000a\u000afollowers - (username, offset, limit, callback) - Returns a list of the people following the given username.\u000a\u000a```javascript\u000a\u0009hb.followers(\"GamingTom\", \"0\", \"20\", function(err, res, data){\u000a\u0009\u0009console.log(data);\u000a\u0009});\u000a```\u000a\u000agames - (callback) - Returns a list of all the currently played games, sorted by view count.\u000a\u000a```javascript\u000a\u0009hb.games(function(err, res, data){\u000a\u0009\u0009console.log(data);\u000a\u0009});\u000a```\u000a\u000ateams - (callback) - Returns a list of all created teams. (May not work because of the huge amounts of results.)\u000a\u000a```javascript\u000a\u0009hb.teams(function(err, res, data){\u000a\u0009\u0009console.log(data);\u000a\u0009});\u000a```\u000a\u000ateam - (team, callback) - Returns detailed information about the given team.\u000a\u000a```javascript\u000a\u0009hb.team(\"hitbox\", function(err, res, data){\u000a\u0009\u0009console.log(data);\u000a\u0009});\u000a```\u000a\u000a##Example usage:\u000aHere is an example to get a list of the people you are following who are live.\u000a\u000a```\u000ahb.mediaFollowing(\"GamingTom\", function(err, res, data){\u000a\u0009if (err == \"err01\"){\u000a\u0009\u0009console.log(err + \" - Username does not exist or is not activated.\");\u000a\u0009}\u000a\u0009else if (err == \"err02\"){\u000a\u0009\u0009console.log(err + \" - No streams online.\");\u000a\u0009}\u000a\u0009else if (! err){\u000a\u0009\u0009for (var i = 0; i < data.livestream.length; i++) {\u000a\u0009\u0009\u0009console.log(i+1 + \". - \" + data.livestream[i].media_user_name + \" - \" + data.livestream[i].media_views + \" Viewers - \" + data.livestream[i].media_status);\u000a\u0009\u0009};\u000a\u0009};\u000a});\u000a```\u000a\u000a##Error codes:\u000a\u000a* err01 - Username does not exist or is not yet activated.\u000a* err02 - No followed streamers are currenty online.","readmeFilename":"README.md","gitHead":"cf7fcc30373ea13faca00bdcf2e285e1bebb9fc3","_id":"hitbox-api@0.0.8","_shasum":"a374eb87951b94bf5f3034d7e146667cfeeb2e00","_from":".","_npmVersion":"1.4.28","_npmUser":{"name":"gamingtom","email":"GamingTom@hotmail.co.uk"},"maintainers":[{"name":"gamingtom","email":"GamingTom@hotmail.co.uk"}],"dist":{"shasum":"a374eb87951b94bf5f3034d7e146667cfeeb2e00","tarball":"http://registry.npmjs.org/hitbox-api/-/hitbox-api-0.0.8.tgz"}}: hitbox-api
43 error     at RegClient.<anonymous> (/usr/lib/node_modules/npm/node_modules/npm-registry-client/lib/request.js:308:14)
43 error     at Request._callback (/usr/lib/node_modules/npm/node_modules/npm-registry-client/lib/request.js:246:65)
43 error     at Request.self.callback (/usr/lib/node_modules/npm/node_modules/request/request.js:236:22)
43 error     at Request.emit (events.js:98:17)
43 error     at Request.<anonymous> (/usr/lib/node_modules/npm/node_modules/request/request.js:1142:14)
43 error     at Request.emit (events.js:117:20)
43 error     at IncomingMessage.<anonymous> (/usr/lib/node_modules/npm/node_modules/request/request.js:1096:12)
43 error     at IncomingMessage.emit (events.js:117:20)
43 error     at _stream_readable.js:943:16
43 error     at process._tickCallback (node.js:419:13)
44 error If you need help, you may report this *entire* log,
44 error including the npm and node versions, at:
44 error     <http://github.com/npm/npm/issues>
45 error System Linux 3.13.0-37-generic
46 error command "/usr/bin/node" "/usr/bin/npm" "publish" "--force"
47 error cwd /home/tom/Projects/Hitbox/hitbox-api
48 error node -v v0.10.33
49 error npm -v 1.4.28
50 verbose exit [ 1, true ]
